{"category":"Warning","eventTime":"2025-06-16T13:25:55+09:00","kind":"Deployment","message":"Deployment 存在不可用副本，可能为镜像拉取失败、Pod 崩溃等","name":"media-service","namespace":"default","node":"","reason":"UnavailableReplica","severity":"info","time":"2025-06-16T13:26:01+09:00"}
{"category":"Endpoint","eventTime":"2025-06-16T13:25:55+09:00","kind":"Endpoints","message":" 所有 Pod 已从 Endpoints 剔除（无可用后端）","name":"media-service","namespace":"default","node":"","reason":"NoReadyAddress","severity":"critical","time":"2025-06-16T13:26:01+09:00"}
{"category":"Condition","eventTime":"2025-06-16T13:25:56+09:00","kind":"Pod","message":"Pod 未就绪，可能原因未知或未上报","name":"media-service-675bdccd8-66mw7","namespace":"default","node":"raspi-drei","reason":"NotReady","severity":"warning","time":"2025-06-16T13:26:01+09:00"}
{"category":"Condition","eventTime":"2025-06-16T13:25:58+09:00","kind":"Pod","message":"Pod 未就绪，可能原因未知或未上报","name":"media-service-675bdccd8-kqrnk","namespace":"default","node":"raspi-zwei","reason":"NotReady","severity":"warning","time":"2025-06-16T13:26:01+09:00"}
{"category":"Endpoint","eventTime":"2025-06-16T14:10:43+09:00","kind":"Endpoints","message":" 所有 Pod 已从 Endpoints 剔除（无可用后端）","name":"media-service","namespace":"default","node":"","reason":"NoReadyAddress","severity":"critical","time":"2025-06-16T14:10:49+09:00"}
{"category":"Condition","eventTime":"2025-06-16T14:10:43+09:00","kind":"Pod","message":"Pod 未就绪，可能原因未知或未上报","name":"media-service-675bdccd8-66mw7","namespace":"default","node":"raspi-drei","reason":"NotReady","severity":"warning","time":"2025-06-16T14:10:49+09:00"}
{"category":"Warning","eventTime":"2025-06-16T14:10:44+09:00","kind":"Deployment","message":"Deployment 存在不可用副本，可能为镜像拉取失败、Pod 崩溃等","name":"media-service","namespace":"default","node":"","reason":"UnavailableReplica","severity":"info","time":"2025-06-16T14:10:49+09:00"}
{"category":"Condition","eventTime":"2025-06-16T14:10:46+09:00","kind":"Pod","message":"Pod 未就绪，可能原因未知或未上报","name":"media-service-675bdccd8-kqrnk","namespace":"default","node":"raspi-zwei","reason":"NotReady","severity":"warning","time":"2025-06-16T14:10:49+09:00"}
{"category":"Endpoint","eventTime":"2025-06-16T14:17:50+09:00","kind":"Endpoints","message":" 所有 Pod 已从 Endpoints 剔除（无可用后端）","name":"media-service","namespace":"default","node":"","reason":"NoReadyAddress","severity":"critical","time":"2025-06-16T14:17:56+09:00"}
{"category":"Warning","eventTime":"2025-06-16T14:17:50+09:00","kind":"Deployment","message":"Deployment 存在不可用副本，可能为镜像拉取失败、Pod 崩溃等","name":"media-service","namespace":"default","node":"","reason":"UnavailableReplica","severity":"info","time":"2025-06-16T14:17:56+09:00"}
{"category":"Condition","eventTime":"2025-06-16T14:17:50+09:00","kind":"Pod","message":"Pod 未就绪，可能原因未知或未上报","name":"media-service-675bdccd8-kqrnk","namespace":"default","node":"raspi-zwei","reason":"NotReady","severity":"warning","time":"2025-06-16T14:17:56+09:00"}
{"category":"Condition","eventTime":"2025-06-16T14:17:52+09:00","kind":"Pod","message":"Pod 未就绪，可能原因未知或未上报","name":"media-service-675bdccd8-66mw7","namespace":"default","node":"raspi-drei","reason":"NotReady","severity":"warning","time":"2025-06-16T14:17:56+09:00"}
{"category":"Warning","eventTime":"2025-06-16T14:29:48+09:00","kind":"Deployment","message":"Deployment 存在不可用副本，可能为镜像拉取失败、Pod 崩溃等","name":"media-service","namespace":"default","node":"","reason":"UnavailableReplica","severity":"info","time":"2025-06-16T14:29:53+09:00"}
{"category":"Endpoint","eventTime":"2025-06-16T14:29:48+09:00","kind":"Endpoints","message":" 所有 Pod 已从 Endpoints 剔除（无可用后端）","name":"media-service","namespace":"default","node":"","reason":"NoReadyAddress","severity":"critical","time":"2025-06-16T14:29:53+09:00"}
{"category":"Condition","eventTime":"2025-06-16T14:29:48+09:00","kind":"Pod","message":"Pod 未就绪，可能原因未知或未上报","name":"media-service-675bdccd8-66mw7","namespace":"default","node":"raspi-drei","reason":"NotReady","severity":"warning","time":"2025-06-16T14:29:53+09:00"}
{"category":"Condition","eventTime":"2025-06-16T14:29:50+09:00","kind":"Pod","message":"Pod 未就绪，可能原因未知或未上报","name":"media-service-675bdccd8-kqrnk","namespace":"default","node":"raspi-zwei","reason":"NotReady","severity":"warning","time":"2025-06-16T14:29:53+09:00"}
{"category":"Event","eventTime":"2025-06-16T16:10:36+09:00","kind":"Pod","message":"健康检查未通过，容器状态异常","name":"media-service-675bdccd8-kqrnk","namespace":"default","node":"raspi-zwei","reason":"Unhealthy","severity":"critical","time":"2025-06-16T16:10:43+09:00"}
{"category":"Condition","eventTime":"2025-06-16T16:10:36+09:00","kind":"Pod","message":"Pod 未就绪，可能原因未知或未上报","name":"media-service-675bdccd8-kqrnk","namespace":"default","node":"raspi-zwei","reason":"NotReady","severity":"warning","time":"2025-06-16T16:10:43+09:00"}
{"category":"Warning","eventTime":"2025-06-16T16:10:36+09:00","kind":"Deployment","message":"Deployment 存在不可用副本，可能为镜像拉取失败、Pod 崩溃等","name":"media-service","namespace":"default","node":"","reason":"UnavailableReplica","severity":"info","time":"2025-06-16T16:10:43+09:00"}
{"category":"Endpoint","eventTime":"2025-06-16T16:10:42+09:00","kind":"Endpoints","message":" 所有 Pod 已从 Endpoints 剔除（无可用后端）","name":"media-service","namespace":"default","node":"","reason":"NoReadyAddress","severity":"critical","time":"2025-06-16T16:10:49+09:00"}
{"category":"Event","eventTime":"2025-06-16T16:10:42+09:00","kind":"Pod","message":"健康检查未通过，容器状态异常","name":"media-service-675bdccd8-66mw7","namespace":"default","node":"raspi-drei","reason":"Unhealthy","severity":"critical","time":"2025-06-16T16:10:49+09:00"}
{"category":"Condition","eventTime":"2025-06-16T16:10:42+09:00","kind":"Pod","message":"Pod 未就绪，可能原因未知或未上报","name":"media-service-675bdccd8-66mw7","namespace":"default","node":"raspi-drei","reason":"NotReady","severity":"warning","time":"2025-06-16T16:10:49+09:00"}
{"category":"Condition","eventTime":"2025-06-16T16:26:23+09:00","kind":"Pod","message":"Pod 未就绪，可能原因未知或未上报","name":"media-service-675bdccd8-kqrnk","namespace":"default","node":"raspi-zwei","reason":"NotReady","severity":"warning","time":"2025-06-16T16:26:31+09:00"}
{"category":"Event","eventTime":"2025-06-16T16:26:23+09:00","kind":"Pod","message":"健康检查未通过，容器状态异常","name":"media-service-675bdccd8-kqrnk","namespace":"default","node":"raspi-zwei","reason":"Unhealthy","severity":"critical","time":"2025-06-16T16:26:31+09:00"}
{"category":"Warning","eventTime":"2025-06-16T16:26:23+09:00","kind":"Deployment","message":"Deployment 存在不可用副本，可能为镜像拉取失败、Pod 崩溃等","name":"media-service","namespace":"default","node":"","reason":"UnavailableReplica","severity":"info","time":"2025-06-16T16:26:31+09:00"}
{"category":"Condition","eventTime":"2025-06-16T16:26:27+09:00","kind":"Pod","message":"Pod 未就绪，可能原因未知或未上报","name":"media-service-675bdccd8-66mw7","namespace":"default","node":"raspi-drei","reason":"NotReady","severity":"warning","time":"2025-06-16T16:26:37+09:00"}
{"category":"Endpoint","eventTime":"2025-06-16T16:26:27+09:00","kind":"Endpoints","message":" 所有 Pod 已从 Endpoints 剔除（无可用后端）","name":"media-service","namespace":"default","node":"","reason":"NoReadyAddress","severity":"critical","time":"2025-06-16T16:26:37+09:00"}
{"category":"Event","eventTime":"2025-06-16T16:26:27+09:00","kind":"Pod","message":"健康检查未通过，容器状态异常","name":"media-service-675bdccd8-66mw7","namespace":"default","node":"raspi-drei","reason":"Unhealthy","severity":"critical","time":"2025-06-16T16:26:37+09:00"}
{"category":"Condition","eventTime":"2025-06-16T16:31:03+09:00","kind":"Pod","message":"Pod 未就绪，可能原因未知或未上报","name":"media-service-675bdccd8-kqrnk","namespace":"default","node":"raspi-zwei","reason":"NotReady","severity":"warning","time":"2025-06-16T16:31:11+09:00"}
{"category":"Event","eventTime":"2025-06-16T16:31:03+09:00","kind":"Pod","message":"健康检查未通过，容器状态异常","name":"media-service-675bdccd8-kqrnk","namespace":"default","node":"raspi-zwei","reason":"Unhealthy","severity":"critical","time":"2025-06-16T16:31:11+09:00"}
{"category":"Warning","eventTime":"2025-06-16T16:31:03+09:00","kind":"Deployment","message":"Deployment 存在不可用副本，可能为镜像拉取失败、Pod 崩溃等","name":"media-service","namespace":"default","node":"","reason":"UnavailableReplica","severity":"info","time":"2025-06-16T16:31:11+09:00"}
{"category":"Condition","eventTime":"2025-06-16T16:31:08+09:00","kind":"Pod","message":"Pod 未就绪，可能原因未知或未上报","name":"media-service-675bdccd8-66mw7","namespace":"default","node":"raspi-drei","reason":"NotReady","severity":"warning","time":"2025-06-16T16:31:17+09:00"}
{"category":"Event","eventTime":"2025-06-16T16:31:08+09:00","kind":"Pod","message":"健康检查未通过，容器状态异常","name":"media-service-675bdccd8-66mw7","namespace":"default","node":"raspi-drei","reason":"Unhealthy","severity":"critical","time":"2025-06-16T16:31:17+09:00"}
{"category":"Endpoint","eventTime":"2025-06-16T16:31:08+09:00","kind":"Endpoints","message":" 所有 Pod 已从 Endpoints 剔除（无可用后端）","name":"media-service","namespace":"default","node":"","reason":"NoReadyAddress","severity":"critical","time":"2025-06-16T16:31:17+09:00"}
{"category":"Warning","eventTime":"2025-06-16T16:33:40+09:00","kind":"Deployment","message":"Deployment 存在不可用副本，可能为镜像拉取失败、Pod 崩溃等","name":"media-service","namespace":"default","node":"","reason":"UnavailableReplica","severity":"info","time":"2025-06-16T16:33:46+09:00"}
{"category":"Endpoint","eventTime":"2025-06-16T16:33:40+09:00","kind":"Endpoints","message":" 所有 Pod 已从 Endpoints 剔除（无可用后端）","name":"media-service","namespace":"default","node":"","reason":"NoReadyAddress","severity":"critical","time":"2025-06-16T16:33:46+09:00"}
{"category":"Condition","eventTime":"2025-06-16T16:33:40+09:00","kind":"Pod","message":"Pod 未就绪，可能原因未知或未上报","name":"media-service-675bdccd8-66mw7","namespace":"default","node":"raspi-drei","reason":"NotReady","severity":"warning","time":"2025-06-16T16:33:46+09:00"}
{"category":"Condition","eventTime":"2025-06-16T16:33:40+09:00","kind":"Pod","message":"Pod 未就绪，可能原因未知或未上报","name":"media-service-675bdccd8-kqrnk","namespace":"default","node":"raspi-zwei","reason":"NotReady","severity":"warning","time":"2025-06-16T16:33:46+09:00"}
